2015-09-06 14:13:18,487   ibmiotf.device.Client      WARNING Unable to encrypt messages because TLSv1.2 is unavailable (MQTT over SSL requires at least Python v2.7.9 or 3.4 and openssl v1.0.1)
2015-09-06 14:13:18,664   ibmiotf.device.Client      INFO    Connected successfully: d:z4cnep:RaspberryPi:000000001bb887a7
2015-09-06 14:15:09,265   ibmiotf.device.Client      ERROR   Unexpected disconnect from the IBM Internet of Things Foundation
2015-09-06 14:15:09,265   ibmiotf.device.Client      INFO    Messages published : 111, life: 111s, rate: 1/1.00s
2015-09-06 14:15:09,265   ibmiotf.device.Client      INFO    Messages received  : 0, life: 111s, rate: 1/0.00s
2015-09-06 14:15:10,356   ibmiotf.device.Client      INFO    Connected successfully: d:z4cnep:RaspberryPi:000000001bb887a7
2015-09-06 14:15:11,506   ibmiotf.device.Client      ERROR   Unexpected disconnect from the IBM Internet of Things Foundation
2015-09-06 14:15:11,506   ibmiotf.device.Client      INFO    Messages published : 112, life: 113s, rate: 1/1.01s
2015-09-06 14:15:11,507   ibmiotf.device.Client      INFO    Messages received  : 0, life: 113s, rate: 1/0.00s
2015-09-06 14:15:12,600   ibmiotf.device.Client      INFO    Connected successfully: d:z4cnep:RaspberryPi:000000001bb887a7
2015-09-06 14:15:13,704   ibmiotf.device.Client      ERROR   Unexpected disconnect from the IBM Internet of Things Foundation
2015-09-06 14:15:13,704   ibmiotf.device.Client      INFO    Messages published : 113, life: 115s, rate: 1/1.02s
2015-09-06 14:15:13,704   ibmiotf.device.Client      INFO    Messages received  : 0, life: 115s, rate: 1/0.00s
2015-09-06 14:15:15,793   ibmiotf.device.Client      INFO    Connected successfully: d:z4cnep:RaspberryPi:000000001bb887a7
2015-09-06 14:15:17,957   ibmiotf.device.Client      ERROR   Unexpected disconnect from the IBM Internet of Things Foundation
2015-09-06 14:15:17,958   ibmiotf.device.Client      INFO    Messages published : 116, life: 119s, rate: 1/1.03s
2015-09-06 14:15:17,958   ibmiotf.device.Client      INFO    Messages received  : 0, life: 119s, rate: 1/0.00s
2015-09-06 14:15:20,053   ibmiotf.device.Client      INFO    Connected successfully: d:z4cnep:RaspberryPi:000000001bb887a7
2015-09-06 14:15:22,162   ibmiotf.device.Client      ERROR   Unexpected disconnect from the IBM Internet of Things Foundation
2015-09-06 14:15:22,162   ibmiotf.device.Client      INFO    Messages published : 120, life: 124s, rate: 1/1.03s
2015-09-06 14:15:22,163   ibmiotf.device.Client      INFO    Messages received  : 0, life: 124s, rate: 1/0.00s
2015-09-06 14:15:24,251   ibmiotf.device.Client      INFO    Connected successfully: d:z4cnep:RaspberryPi:000000001bb887a7
2015-09-06 14:15:27,367   ibmiotf.device.Client      ERROR   Unexpected disconnect from the IBM Internet of Things Foundation
2015-09-06 14:15:27,368   ibmiotf.device.Client      INFO    Messages published : 124, life: 129s, rate: 1/1.04s
2015-09-06 14:15:27,368   ibmiotf.device.Client      INFO    Messages received  : 0, life: 129s, rate: 1/0.00s
2015-09-06 14:15:30,463   ibmiotf.device.Client      INFO    Connected successfully: d:z4cnep:RaspberryPi:000000001bb887a7
2015-09-06 14:15:33,698   ibmiotf.device.Client      ERROR   Unexpected disconnect from the IBM Internet of Things Foundation
2015-09-06 14:15:33,698   ibmiotf.device.Client      INFO    Messages published : 129, life: 135s, rate: 1/1.05s
2015-09-06 14:15:33,698   ibmiotf.device.Client      INFO    Messages received  : 0, life: 135s, rate: 1/0.00s
2015-09-06 14:15:36,789   ibmiotf.device.Client      INFO    Connected successfully: d:z4cnep:RaspberryPi:000000001bb887a7
2015-09-06 14:15:39,890   ibmiotf.device.Client      ERROR   Unexpected disconnect from the IBM Internet of Things Foundation
2015-09-06 14:15:39,891   ibmiotf.device.Client      INFO    Messages published : 134, life: 141s, rate: 1/1.06s
2015-09-06 14:15:39,891   ibmiotf.device.Client      INFO    Messages received  : 0, life: 141s, rate: 1/0.00s
2015-09-06 14:15:42,995   ibmiotf.device.Client      INFO    Connected successfully: d:z4cnep:RaspberryPi:000000001bb887a7
2015-09-06 14:15:46,284   ibmiotf.device.Client      ERROR   Unexpected disconnect from the IBM Internet of Things Foundation
2015-09-06 14:15:46,284   ibmiotf.device.Client      INFO    Messages published : 140, life: 148s, rate: 1/1.06s
2015-09-06 14:15:46,284   ibmiotf.device.Client      INFO    Messages received  : 0, life: 148s, rate: 1/0.00s
2015-09-06 14:15:52,944   ibmiotf.device.Client      ERROR   Unexpected disconnect from the IBM Internet of Things Foundation
2015-09-06 14:15:52,945   ibmiotf.device.Client      INFO    Messages published : 145, life: 154s, rate: 1/1.07s
2015-09-06 14:15:52,945   ibmiotf.device.Client      INFO    Messages received  : 0, life: 154s, rate: 1/0.00s
2015-09-06 14:15:56,094   ibmiotf.device.Client      INFO    Connected successfully: d:z4cnep:RaspberryPi:000000001bb887a7
2015-09-06 14:15:59,200   ibmiotf.device.Client      ERROR   Unexpected disconnect from the IBM Internet of Things Foundation
2015-09-06 14:15:59,200   ibmiotf.device.Client      INFO    Messages published : 150, life: 161s, rate: 1/1.07s
2015-09-06 14:15:59,200   ibmiotf.device.Client      INFO    Messages received  : 0, life: 161s, rate: 1/0.00s
2015-09-06 14:16:02,295   ibmiotf.device.Client      INFO    Connected successfully: d:z4cnep:RaspberryPi:000000001bb887a7
2015-09-06 14:16:05,397   ibmiotf.device.Client      ERROR   Unexpected disconnect from the IBM Internet of Things Foundation
2015-09-06 14:16:05,397   ibmiotf.device.Client      INFO    Messages published : 155, life: 167s, rate: 1/1.08s
2015-09-06 14:16:05,397   ibmiotf.device.Client      INFO    Messages received  : 0, life: 167s, rate: 1/0.00s
2015-09-06 14:16:08,495   ibmiotf.device.Client      INFO    Connected successfully: d:z4cnep:RaspberryPi:000000001bb887a7
2015-09-06 14:16:11,688   ibmiotf.device.Client      ERROR   Unexpected disconnect from the IBM Internet of Things Foundation
2015-09-06 14:16:11,688   ibmiotf.device.Client      INFO    Messages published : 160, life: 173s, rate: 1/1.08s
2015-09-06 14:16:11,688   ibmiotf.device.Client      INFO    Messages received  : 0, life: 173s, rate: 1/0.00s
2015-09-06 14:16:17,784   ibmiotf.device.Client      INFO    Connected successfully: d:z4cnep:RaspberryPi:000000001bb887a7
2015-09-06 14:16:24,007   ibmiotf.device.Client      ERROR   Unexpected disconnect from the IBM Internet of Things Foundation
2015-09-06 14:16:24,007   ibmiotf.device.Client      INFO    Messages published : 171, life: 186s, rate: 1/1.08s
2015-09-06 14:16:24,007   ibmiotf.device.Client      INFO    Messages received  : 0, life: 186s, rate: 1/0.00s
2015-09-06 14:16:30,096   ibmiotf.device.Client      INFO    Connected successfully: d:z4cnep:RaspberryPi:000000001bb887a7
2015-09-06 14:16:36,204   ibmiotf.device.Client      ERROR   Unexpected disconnect from the IBM Internet of Things Foundation
2015-09-06 14:16:36,205   ibmiotf.device.Client      INFO    Messages published : 182, life: 198s, rate: 1/1.09s
2015-09-06 14:16:36,205   ibmiotf.device.Client      INFO    Messages received  : 0, life: 198s, rate: 1/0.00s
2015-09-06 14:16:42,294   ibmiotf.device.Client      INFO    Connected successfully: d:z4cnep:RaspberryPi:000000001bb887a7
2015-09-06 14:16:48,495   ibmiotf.device.Client      ERROR   Unexpected disconnect from the IBM Internet of Things Foundation
2015-09-06 14:16:48,496   ibmiotf.device.Client      INFO    Messages published : 194, life: 210s, rate: 1/1.08s
2015-09-06 14:16:48,496   ibmiotf.device.Client      INFO    Messages received  : 0, life: 210s, rate: 1/0.00s
2015-09-06 14:17:01,449   ibmiotf.device.Client      ERROR   Unexpected disconnect from the IBM Internet of Things Foundation
2015-09-06 14:17:01,449   ibmiotf.device.Client      INFO    Messages published : 206, life: 223s, rate: 1/1.08s
2015-09-06 14:17:01,449   ibmiotf.device.Client      INFO    Messages received  : 0, life: 223s, rate: 1/0.00s
2015-09-06 14:17:07,540   ibmiotf.device.Client      INFO    Connected successfully: d:z4cnep:RaspberryPi:000000001bb887a7
2015-09-06 14:17:13,638   ibmiotf.device.Client      ERROR   Unexpected disconnect from the IBM Internet of Things Foundation
2015-09-06 14:17:13,639   ibmiotf.device.Client      INFO    Messages published : 217, life: 235s, rate: 1/1.08s
2015-09-06 14:17:13,639   ibmiotf.device.Client      INFO    Messages received  : 0, life: 235s, rate: 1/0.00s
2015-09-06 14:17:19,735   ibmiotf.device.Client      INFO    Connected successfully: d:z4cnep:RaspberryPi:000000001bb887a7
2015-09-06 14:17:25,875   ibmiotf.device.Client      ERROR   Unexpected disconnect from the IBM Internet of Things Foundation
2015-09-06 14:17:25,875   ibmiotf.device.Client      INFO    Messages published : 228, life: 247s, rate: 1/1.09s
2015-09-06 14:17:25,875   ibmiotf.device.Client      INFO    Messages received  : 0, life: 247s, rate: 1/0.00s
2015-09-06 14:17:31,962   ibmiotf.device.Client      INFO    Connected successfully: d:z4cnep:RaspberryPi:000000001bb887a7
2015-09-06 14:17:38,249   ibmiotf.device.Client      ERROR   Unexpected disconnect from the IBM Internet of Things Foundation
2015-09-06 14:17:38,249   ibmiotf.device.Client      INFO    Messages published : 239, life: 260s, rate: 1/1.09s
2015-09-06 14:17:38,249   ibmiotf.device.Client      INFO    Messages received  : 0, life: 260s, rate: 1/0.00s
2015-09-06 14:17:44,346   ibmiotf.device.Client      INFO    Connected successfully: d:z4cnep:RaspberryPi:000000001bb887a7
2015-09-06 14:17:50,442   ibmiotf.device.Client      ERROR   Unexpected disconnect from the IBM Internet of Things Foundation
2015-09-06 14:17:50,443   ibmiotf.device.Client      INFO    Messages published : 250, life: 272s, rate: 1/1.09s
2015-09-06 14:17:50,443   ibmiotf.device.Client      INFO    Messages received  : 0, life: 272s, rate: 1/0.00s
2015-09-06 14:17:56,542   ibmiotf.device.Client      INFO    Connected successfully: d:z4cnep:RaspberryPi:000000001bb887a7
2015-09-06 14:18:02,817   ibmiotf.device.Client      ERROR   Unexpected disconnect from the IBM Internet of Things Foundation
2015-09-06 14:18:02,817   ibmiotf.device.Client      INFO    Messages published : 262, life: 284s, rate: 1/1.09s
2015-09-06 14:18:02,817   ibmiotf.device.Client      INFO    Messages received  : 0, life: 284s, rate: 1/0.00s
2015-09-06 14:18:08,911   ibmiotf.device.Client      INFO    Connected successfully: d:z4cnep:RaspberryPi:000000001bb887a7
2015-09-06 14:18:15,102   ibmiotf.device.Client      ERROR   Unexpected disconnect from the IBM Internet of Things Foundation
2015-09-06 14:18:15,102   ibmiotf.device.Client      INFO    Messages published : 273, life: 297s, rate: 1/1.09s
2015-09-06 14:18:15,103   ibmiotf.device.Client      INFO    Messages received  : 0, life: 297s, rate: 1/0.00s
2015-09-06 14:18:21,267   ibmiotf.device.Client      INFO    Connected successfully: d:z4cnep:RaspberryPi:000000001bb887a7
2015-09-06 14:18:27,516   ibmiotf.device.Client      ERROR   Unexpected disconnect from the IBM Internet of Things Foundation
2015-09-06 14:18:27,516   ibmiotf.device.Client      INFO    Messages published : 284, life: 309s, rate: 1/1.09s
2015-09-06 14:18:27,516   ibmiotf.device.Client      INFO    Messages received  : 0, life: 309s, rate: 1/0.00s
2015-09-06 14:18:33,649   ibmiotf.device.Client      INFO    Connected successfully: d:z4cnep:RaspberryPi:000000001bb887a7
2015-09-06 14:18:39,717   ibmiotf.device.Client      ERROR   Unexpected disconnect from the IBM Internet of Things Foundation
2015-09-06 14:18:39,717   ibmiotf.device.Client      INFO    Messages published : 295, life: 321s, rate: 1/1.09s
2015-09-06 14:18:39,718   ibmiotf.device.Client      INFO    Messages received  : 0, life: 321s, rate: 1/0.00s
2015-09-06 14:18:45,813   ibmiotf.device.Client      INFO    Connected successfully: d:z4cnep:RaspberryPi:000000001bb887a7
2015-09-06 14:18:57,002   ibmiotf.device.Client      ERROR   Unexpected disconnect from the IBM Internet of Things Foundation
2015-09-06 14:18:57,002   ibmiotf.device.Client      INFO    Messages published : 311, life: 339s, rate: 1/1.09s
2015-09-06 14:18:57,003   ibmiotf.device.Client      INFO    Messages received  : 0, life: 339s, rate: 1/0.00s
2015-09-06 14:19:08,499   ibmiotf.device.Client      INFO    Connected successfully: d:z4cnep:RaspberryPi:000000001bb887a7
2015-09-06 14:19:19,732   ibmiotf.device.Client      ERROR   Unexpected disconnect from the IBM Internet of Things Foundation
2015-09-06 14:19:19,732   ibmiotf.device.Client      INFO    Messages published : 332, life: 361s, rate: 1/1.09s
2015-09-06 14:19:19,732   ibmiotf.device.Client      INFO    Messages received  : 0, life: 361s, rate: 1/0.00s
2015-09-06 14:19:30,849   ibmiotf.device.Client      INFO    Connected successfully: d:z4cnep:RaspberryPi:000000001bb887a7
2015-09-06 14:19:41,949   ibmiotf.device.Client      ERROR   Unexpected disconnect from the IBM Internet of Things Foundation
2015-09-06 14:19:41,949   ibmiotf.device.Client      INFO    Messages published : 354, life: 383s, rate: 1/1.08s
2015-09-06 14:19:41,949   ibmiotf.device.Client      INFO    Messages received  : 0, life: 383s, rate: 1/0.00s
2015-09-06 14:19:53,041   ibmiotf.device.Client      INFO    Connected successfully: d:z4cnep:RaspberryPi:000000001bb887a7
2015-09-06 14:20:04,142   ibmiotf.device.Client      ERROR   Unexpected disconnect from the IBM Internet of Things Foundation
2015-09-06 14:20:04,142   ibmiotf.device.Client      INFO    Messages published : 375, life: 406s, rate: 1/1.08s
2015-09-06 14:20:04,142   ibmiotf.device.Client      INFO    Messages received  : 0, life: 406s, rate: 1/0.00s
2015-09-06 14:20:15,238   ibmiotf.device.Client      INFO    Connected successfully: d:z4cnep:RaspberryPi:000000001bb887a7
2015-09-06 14:20:26,342   ibmiotf.device.Client      ERROR   Unexpected disconnect from the IBM Internet of Things Foundation
2015-09-06 14:20:26,342   ibmiotf.device.Client      INFO    Messages published : 396, life: 428s, rate: 1/1.08s
2015-09-06 14:20:26,342   ibmiotf.device.Client      INFO    Messages received  : 0, life: 428s, rate: 1/0.00s
2015-09-06 14:20:37,446   ibmiotf.device.Client      INFO    Connected successfully: d:z4cnep:RaspberryPi:000000001bb887a7
2015-09-06 14:20:48,820   ibmiotf.device.Client      ERROR   Unexpected disconnect from the IBM Internet of Things Foundation
2015-09-06 14:20:48,821   ibmiotf.device.Client      INFO    Messages published : 417, life: 450s, rate: 1/1.08s
2015-09-06 14:20:48,821   ibmiotf.device.Client      INFO    Messages received  : 0, life: 450s, rate: 1/0.00s
2015-09-06 14:20:59,915   ibmiotf.device.Client      INFO    Connected successfully: d:z4cnep:RaspberryPi:000000001bb887a7
2015-09-06 14:21:11,041   ibmiotf.device.Client      ERROR   Unexpected disconnect from the IBM Internet of Things Foundation
2015-09-06 14:21:11,041   ibmiotf.device.Client      INFO    Messages published : 438, life: 473s, rate: 1/1.08s
2015-09-06 14:21:11,042   ibmiotf.device.Client      INFO    Messages received  : 0, life: 473s, rate: 1/0.00s
2015-09-06 14:21:22,203   ibmiotf.device.Client      INFO    Connected successfully: d:z4cnep:RaspberryPi:000000001bb887a7
2015-09-06 14:26:44,331   ibmiotf.device.Client      ERROR   Unexpected disconnect from the IBM Internet of Things Foundation
2015-09-06 14:26:44,331   ibmiotf.device.Client      INFO    Messages published : 770, life: 806s, rate: 1/1.05s
2015-09-06 14:26:44,331   ibmiotf.device.Client      INFO    Messages received  : 0, life: 806s, rate: 1/0.00s
2015-09-06 14:26:55,423   ibmiotf.device.Client      INFO    Connected successfully: d:z4cnep:RaspberryPi:000000001bb887a7
2015-09-06 14:27:18,887   ibmiotf.device.Client      ERROR   Unexpected disconnect from the IBM Internet of Things Foundation
2015-09-06 14:27:18,888   ibmiotf.device.Client      INFO    Messages published : 803, life: 840s, rate: 1/1.05s
2015-09-06 14:27:18,888   ibmiotf.device.Client      INFO    Messages received  : 0, life: 840s, rate: 1/0.00s
2015-09-06 14:27:30,032   ibmiotf.device.Client      INFO    Connected successfully: d:z4cnep:RaspberryPi:000000001bb887a7
2015-09-06 14:59:11,682   ibmiotf.device.Client      ERROR   Unexpected disconnect from the IBM Internet of Things Foundation
2015-09-06 14:59:11,682   ibmiotf.device.Client      INFO    Messages published : 2709, life: 2753s, rate: 1/1.02s
2015-09-06 14:59:11,682   ibmiotf.device.Client      INFO    Messages received  : 0, life: 2753s, rate: 1/0.00s
2015-09-06 14:59:23,195   ibmiotf.device.Client      INFO    Connected successfully: d:z4cnep:RaspberryPi:000000001bb887a7
